[2021-04-09 14:51:32] local.ERROR: SQLSTATE[23000]: Integrity constraint violation: 1062 Duplicate entry 'emil.v.petterson@gmail.com' for key 'users.users_email_unique' (SQL: insert into `users` (`name`, `email`, `password`, `updated_at`, `created_at`) values (Emil, emil.v.petterson@gmail.com, $2y$10$SlC7Lwx11encDny7Cjph8u1pG45QHPLKIuGJLn8SAM.fMhqKW9nfy, 2021-04-09 14:51:32, 2021-04-09 14:51:32)) {"exception":"[object] (Illuminate\\Database\\QueryException(code: 23000): SQLSTATE[23000]: Integrity constraint violation: 1062 Duplicate entry 'emil.v.petterson@gmail.com' for key 'users.users_email_unique' (SQL: insert into `users` (`name`, `email`, `password`, `updated_at`, `created_at`) values (Emil, emil.v.petterson@gmail.com, $2y$10$SlC7Lwx11encDny7Cjph8u1pG45QHPLKIuGJLn8SAM.fMhqKW9nfy, 2021-04-09 14:51:32, 2021-04-09 14:51:32)) at /Users/emilpettersson/Desktop/Code-Quiz/Code-quiz/vendor/laravel/framework/src/Illuminate/Database/Connection.php:678)
[stacktrace]
#0 /Users/emilpettersson/Desktop/Code-Quiz/Code-quiz/vendor/laravel/framework/src/Illuminate/Database/Connection.php(638): Illuminate\\Database\\Connection->runQueryCallback('insert into `us...', Array, Object(Closure))
#1 /Users/emilpettersson/Desktop/Code-Quiz/Code-quiz/vendor/laravel/framework/src/Illuminate/Database/Connection.php(472): Illuminate\\Database\\Connection->run('insert into `us...', Array, Object(Closure))
#2 /Users/emilpettersson/Desktop/Code-Quiz/Code-quiz/vendor/laravel/framework/src/Illuminate/Database/Connection.php(424): Illuminate\\Database\\Connection->statement('insert into `us...', Array)
#3 /Users/emilpettersson/Desktop/Code-Quiz/Code-quiz/vendor/laravel/framework/src/Illuminate/Database/Query/Processors/Processor.php(32): Illuminate\\Database\\Connection->insert('insert into `us...', Array)
#4 /Users/emilpettersson/Desktop/Code-Quiz/Code-quiz/vendor/laravel/framework/src/Illuminate/Database/Query/Builder.php(2882): Illuminate\\Database\\Query\\Processors\\Processor->processInsertGetId(Object(Illuminate\\Database\\Query\\Builder), 'insert into `us...', Array, 'id')
#5 /Users/emilpettersson/Desktop/Code-Quiz/Code-quiz/vendor/laravel/framework/src/Illuminate/Database/Eloquent/Builder.php(1547): Illuminate\\Database\\Query\\Builder->insertGetId(Array, 'id')
#6 /Users/emilpettersson/Desktop/Code-Quiz/Code-quiz/vendor/laravel/framework/src/Illuminate/Database/Eloquent/Model.php(1052): Illuminate\\Database\\Eloquent\\Builder->__call('insertGetId', Array)
#7 /Users/emilpettersson/Desktop/Code-Quiz/Code-quiz/vendor/laravel/framework/src/Illuminate/Database/Eloquent/Model.php(1017): Illuminate\\Database\\Eloquent\\Model->insertAndSetId(Object(Illuminate\\Database\\Eloquent\\Builder), Array)
#8 /Users/emilpettersson/Desktop/Code-Quiz/Code-quiz/vendor/laravel/framework/src/Illuminate/Database/Eloquent/Model.php(858): Illuminate\\Database\\Eloquent\\Model->performInsert(Object(Illuminate\\Database\\Eloquent\\Builder))
#9 /Users/emilpettersson/Desktop/Code-Quiz/Code-quiz/vendor/laravel/framework/src/Illuminate/Database/Eloquent/Builder.php(816): Illuminate\\Database\\Eloquent\\Model->save()
#10 /Users/emilpettersson/Desktop/Code-Quiz/Code-quiz/vendor/laravel/framework/src/Illuminate/Support/helpers.php(263): Illuminate\\Database\\Eloquent\\Builder->Illuminate\\Database\\Eloquent\\{closure}(Object(App\\Models\\User))
#11 /Users/emilpettersson/Desktop/Code-Quiz/Code-quiz/vendor/laravel/framework/src/Illuminate/Database/Eloquent/Builder.php(817): tap(Object(App\\Models\\User), Object(Closure))
#12 /Users/emilpettersson/Desktop/Code-Quiz/Code-quiz/vendor/laravel/framework/src/Illuminate/Support/Traits/ForwardsCalls.php(23): Illuminate\\Database\\Eloquent\\Builder->create(Array)
#13 /Users/emilpettersson/Desktop/Code-Quiz/Code-quiz/vendor/laravel/framework/src/Illuminate/Database/Eloquent/Model.php(1890): Illuminate\\Database\\Eloquent\\Model->forwardCallTo(Object(Illuminate\\Database\\Eloquent\\Builder), 'create', Array)
#14 /Users/emilpettersson/Desktop/Code-Quiz/Code-quiz/vendor/laravel/framework/src/Illuminate/Database/Eloquent/Model.php(1902): Illuminate\\Database\\Eloquent\\Model->__call('create', Array)
#15 /Users/emilpettersson/Desktop/Code-Quiz/Code-quiz/app/Http/Controllers/RegisterController.php(28): Illuminate\\Database\\Eloquent\\Model::__callStatic('create', Array)
#16 /Users/emilpettersson/Desktop/Code-Quiz/Code-quiz/vendor/laravel/framework/src/Illuminate/Routing/Controller.php(54): App\\Http\\Controllers\\RegisterController->__invoke(Object(Illuminate\\Http\\Request))
#17 /Users/emilpettersson/Desktop/Code-Quiz/Code-quiz/vendor/laravel/framework/src/Illuminate/Routing/ControllerDispatcher.php(45): Illuminate\\Routing\\Controller->callAction('__invoke', Array)
#18 /Users/emilpettersson/Desktop/Code-Quiz/Code-quiz/vendor/laravel/framework/src/Illuminate/Routing/Route.php(254): Illuminate\\Routing\\ControllerDispatcher->dispatch(Object(Illuminate\\Routing\\Route), Object(App\\Http\\Controllers\\RegisterController), '__invoke')
#19 /Users/emilpettersson/Desktop/Code-Quiz/Code-quiz/vendor/laravel/framework/src/Illuminate/Routing/Route.php(197): Illuminate\\Routing\\Route->runController()
#20 /Users/emilpettersson/Desktop/Code-Quiz/Code-quiz/vendor/laravel/framework/src/Illuminate/Routing/Router.php(695): Illuminate\\Routing\\Route->run()
#21 /Users/emilpettersson/Desktop/Code-Quiz/Code-quiz/vendor/laravel/framework/src/Illuminate/Pipeline/Pipeline.php(128): Illuminate\\Routing\\Router->Illuminate\\Routing\\{closure}(Object(Illuminate\\Http\\Request))
#22 /Users/emilpettersson/Desktop/Code-Quiz/Code-quiz/vendor/laravel/framework/src/Illuminate/Routing/Middleware/SubstituteBindings.php(50): Illuminate\\Pipeline\\Pipeline->Illuminate\\Pipeline\\{closure}(Object(Illuminate\\Http\\Request))
#23 /Users/emilpettersson/Desktop/Code-Quiz/Code-quiz/vendor/laravel/framework/src/Illuminate/Pipeline/Pipeline.php(167): Illuminate\\Routing\\Middleware\\SubstituteBindings->handle(Object(Illuminate\\Http\\Request), Object(Closure))
#24 /Users/emilpettersson/Desktop/Code-Quiz/Code-quiz/vendor/laravel/framework/src/Illuminate/Foundation/Http/Middleware/VerifyCsrfToken.php(78): Illuminate\\Pipeline\\Pipeline->Illuminate\\Pipeline\\{closure}(Object(Illuminate\\Http\\Request))
#25 /Users/emilpettersson/Desktop/Code-Quiz/Code-quiz/vendor/laravel/framework/src/Illuminate/Pipeline/Pipeline.php(167): Illuminate\\Foundation\\Http\\Middleware\\VerifyCsrfToken->handle(Object(Illuminate\\Http\\Request), Object(Closure))
#26 /Users/emilpettersson/Desktop/Code-Quiz/Code-quiz/vendor/laravel/framework/src/Illuminate/View/Middleware/ShareErrorsFromSession.php(49): Illuminate\\Pipeline\\Pipeline->Illuminate\\Pipeline\\{closure}(Object(Illuminate\\Http\\Request))
#27 /Users/emilpettersson/Desktop/Code-Quiz/Code-quiz/vendor/laravel/framework/src/Illuminate/Pipeline/Pipeline.php(167): Illuminate\\View\\Middleware\\ShareErrorsFromSession->handle(Object(Illuminate\\Http\\Request), Object(Closure))
#28 /Users/emilpettersson/Desktop/Code-Quiz/Code-quiz/vendor/laravel/framework/src/Illuminate/Session/Middleware/StartSession.php(121): Illuminate\\Pipeline\\Pipeline->Illuminate\\Pipeline\\{closure}(Object(Illuminate\\Http\\Request))
#29 /Users/emilpettersson/Desktop/Code-Quiz/Code-quiz/vendor/laravel/framework/src/Illuminate/Session/Middleware/StartSession.php(64): Illuminate\\Session\\Middleware\\StartSession->handleStatefulRequest(Object(Illuminate\\Http\\Request), Object(Illuminate\\Session\\Store), Object(Closure))
#30 /Users/emilpettersson/Desktop/Code-Quiz/Code-quiz/vendor/laravel/framework/src/Illuminate/Pipeline/Pipeline.php(167): Illuminate\\Session\\Middleware\\StartSession->handle(Object(Illuminate\\Http\\Request), Object(Closure))
#31 /Users/emilpettersson/Desktop/Code-Quiz/Code-quiz/vendor/laravel/framework/src/Illuminate/Cookie/Middleware/AddQueuedCookiesToResponse.php(37): Illuminate\\Pipeline\\Pipeline->Illuminate\\Pipeline\\{closure}(Object(Illuminate\\Http\\Request))
#32 /Users/emilpettersson/Desktop/Code-Quiz/Code-quiz/vendor/laravel/framework/src/Illuminate/Pipeline/Pipeline.php(167): Illuminate\\Cookie\\Middleware\\AddQueuedCookiesToResponse->handle(Object(Illuminate\\Http\\Request), Object(Closure))
#33 /Users/emilpettersson/Desktop/Code-Quiz/Code-quiz/vendor/laravel/framework/src/Illuminate/Cookie/Middleware/EncryptCookies.php(67): Illuminate\\Pipeline\\Pipeline->Illuminate\\Pipeline\\{closure}(Object(Illuminate\\Http\\Request))
#34 /Users/emilpettersson/Desktop/Code-Quiz/Code-quiz/vendor/laravel/framework/src/Illuminate/Pipeline/Pipeline.php(167): Illuminate\\Cookie\\Middleware\\EncryptCookies->handle(Object(Illuminate\\Http\\Request), Object(Closure))
#35 /Users/emilpettersson/Desktop/Code-Quiz/Code-quiz/vendor/laravel/framework/src/Illuminate/Pipeline/Pipeline.php(103): Illuminate\\Pipeline\\Pipeline->Illuminate\\Pipeline\\{closure}(Object(Illuminate\\Http\\Request))
#36 /Users/emilpettersson/Desktop/Code-Quiz/Code-quiz/vendor/laravel/framework/src/Illuminate/Routing/Router.php(697): Illuminate\\Pipeline\\Pipeline->then(Object(Closure))
#37 /Users/emilpettersson/Desktop/Code-Quiz/Code-quiz/vendor/laravel/framework/src/Illuminate/Routing/Router.php(672): Illuminate\\Routing\\Router->runRouteWithinStack(Object(Illuminate\\Routing\\Route), Object(Illuminate\\Http\\Request))
#38 /Users/emilpettersson/Desktop/Code-Quiz/Code-quiz/vendor/laravel/framework/src/Illuminate/Routing/Router.php(636): Illuminate\\Routing\\Router->runRoute(Object(Illuminate\\Http\\Request), Object(Illuminate\\Routing\\Route))
#39 /Users/emilpettersson/Desktop/Code-Quiz/Code-quiz/vendor/laravel/framework/src/Illuminate/Routing/Router.php(625): Illuminate\\Routing\\Router->dispatchToRoute(Object(Illuminate\\Http\\Request))
#40 /Users/emilpettersson/Desktop/Code-Quiz/Code-quiz/vendor/laravel/framework/src/Illuminate/Foundation/Http/Kernel.php(166): Illuminate\\Routing\\Router->dispatch(Object(Illuminate\\Http\\Request))
#41 /Users/emilpettersson/Desktop/Code-Quiz/Code-quiz/vendor/laravel/framework/src/Illuminate/Pipeline/Pipeline.php(128): Illuminate\\Foundation\\Http\\Kernel->Illuminate\\Foundation\\Http\\{closure}(Object(Illuminate\\Http\\Request))
#42 /Users/emilpettersson/Desktop/Code-Quiz/Code-quiz/vendor/laravel/framework/src/Illuminate/Foundation/Http/Middleware/TransformsRequest.php(21): Illuminate\\Pipeline\\Pipeline->Illuminate\\Pipeline\\{closure}(Object(Illuminate\\Http\\Request))
#43 /Users/emilpettersson/Desktop/Code-Quiz/Code-quiz/vendor/laravel/framework/src/Illuminate/Pipeline/Pipeline.php(167): Illuminate\\Foundation\\Http\\Middleware\\TransformsRequest->handle(Object(Illuminate\\Http\\Request), Object(Closure))
#44 /Users/emilpettersson/Desktop/Code-Quiz/Code-quiz/vendor/laravel/framework/src/Illuminate/Foundation/Http/Middleware/TransformsRequest.php(21): Illuminate\\Pipeline\\Pipeline->Illuminate\\Pipeline\\{closure}(Object(Illuminate\\Http\\Request))
#45 /Users/emilpettersson/Desktop/Code-Quiz/Code-quiz/vendor/laravel/framework/src/Illuminate/Pipeline/Pipeline.php(167): Illuminate\\Foundation\\Http\\Middleware\\TransformsRequest->handle(Object(Illuminate\\Http\\Request), Object(Closure))
#46 /Users/emilpettersson/Desktop/Code-Quiz/Code-quiz/vendor/laravel/framework/src/Illuminate/Foundation/Http/Middleware/ValidatePostSize.php(27): Illuminate\\Pipeline\\Pipeline->Illuminate\\Pipeline\\{closure}(Object(Illuminate\\Http\\Request))
#47 /Users/emilpettersson/Desktop/Code-Quiz/Code-quiz/vendor/laravel/framework/src/Illuminate/Pipeline/Pipeline.php(167): Illuminate\\Foundation\\Http\\Middleware\\ValidatePostSize->handle(Object(Illuminate\\Http\\Request), Object(Closure))
#48 /Users/emilpettersson/Desktop/Code-Quiz/Code-quiz/vendor/laravel/framework/src/Illuminate/Foundation/Http/Middleware/PreventRequestsDuringMaintenance.php(86): Illuminate\\Pipeline\\Pipeline->Illuminate\\Pipeline\\{closure}(Object(Illuminate\\Http\\Request))
#49 /Users/emilpettersson/Desktop/Code-Quiz/Code-quiz/vendor/laravel/framework/src/Illuminate/Pipeline/Pipeline.php(167): Illuminate\\Foundation\\Http\\Middleware\\PreventRequestsDuringMaintenance->handle(Object(Illuminate\\Http\\Request), Object(Closure))
#50 /Users/emilpettersson/Desktop/Code-Quiz/Code-quiz/vendor/fruitcake/laravel-cors/src/HandleCors.php(37): Illuminate\\Pipeline\\Pipeline->Illuminate\\Pipeline\\{closure}(Object(Illuminate\\Http\\Request))
#51 /Users/emilpettersson/Desktop/Code-Quiz/Code-quiz/vendor/laravel/framework/src/Illuminate/Pipeline/Pipeline.php(167): Fruitcake\\Cors\\HandleCors->handle(Object(Illuminate\\Http\\Request), Object(Closure))
#52 /Users/emilpettersson/Desktop/Code-Quiz/Code-quiz/vendor/fideloper/proxy/src/TrustProxies.php(57): Illuminate\\Pipeline\\Pipeline->Illuminate\\Pipeline\\{closure}(Object(Illuminate\\Http\\Request))
#53 /Users/emilpettersson/Desktop/Code-Quiz/Code-quiz/vendor/laravel/framework/src/Illuminate/Pipeline/Pipeline.php(167): Fideloper\\Proxy\\TrustProxies->handle(Object(Illuminate\\Http\\Request), Object(Closure))
#54 /Users/emilpettersson/Desktop/Code-Quiz/Code-quiz/vendor/itsgoingd/clockwork/Clockwork/Support/Laravel/ClockworkMiddleware.php(24): Illuminate\\Pipeline\\Pipeline->Illuminate\\Pipeline\\{closure}(Object(Illuminate\\Http\\Request))
#55 /Users/emilpettersson/Desktop/Code-Quiz/Code-quiz/vendor/laravel/framework/src/Illuminate/Pipeline/Pipeline.php(167): Clockwork\\Support\\Laravel\\ClockworkMiddleware->handle(Object(Illuminate\\Http\\Request), Object(Closure))
#56 /Users/emilpettersson/Desktop/Code-Quiz/Code-quiz/vendor/laravel/framework/src/Illuminate/Pipeline/Pipeline.php(103): Illuminate\\Pipeline\\Pipeline->Illuminate\\Pipeline\\{closure}(Object(Illuminate\\Http\\Request))
#57 /Users/emilpettersson/Desktop/Code-Quiz/Code-quiz/vendor/laravel/framework/src/Illuminate/Foundation/Http/Kernel.php(141): Illuminate\\Pipeline\\Pipeline->then(Object(Closure))
#58 /Users/emilpettersson/Desktop/Code-Quiz/Code-quiz/vendor/laravel/framework/src/Illuminate/Foundation/Http/Kernel.php(110): Illuminate\\Foundation\\Http\\Kernel->sendRequestThroughRouter(Object(Illuminate\\Http\\Request))
#59 /Users/emilpettersson/Desktop/Code-Quiz/Code-quiz/public/index.php(52): Illuminate\\Foundation\\Http\\Kernel->handle(Object(Illuminate\\Http\\Request))
#60 /Users/emilpettersson/Desktop/Code-Quiz/Code-quiz/server.php(21): require_once('/Users/emilpett...')
#61 {main}

[previous exception] [object] (PDOException(code: 23000): SQLSTATE[23000]: Integrity constraint violation: 1062 Duplicate entry 'emil.v.petterson@gmail.com' for key 'users.users_email_unique' at /Users/emilpettersson/Desktop/Code-Quiz/Code-quiz/vendor/laravel/framework/src/Illuminate/Database/Connection.php:471)
[stacktrace]
#0 /Users/emilpettersson/Desktop/Code-Quiz/Code-quiz/vendor/laravel/framework/src/Illuminate/Database/Connection.php(471): PDOStatement->execute()
#1 /Users/emilpettersson/Desktop/Code-Quiz/Code-quiz/vendor/laravel/framework/src/Illuminate/Database/Connection.php(671): Illuminate\\Database\\Connection->Illuminate\\Database\\{closure}('insert into `us...', Array)
#2 /Users/emilpettersson/Desktop/Code-Quiz/Code-quiz/vendor/laravel/framework/src/Illuminate/Database/Connection.php(638): Illuminate\\Database\\Connection->runQueryCallback('insert into `us...', Array, Object(Closure))
#3 /Users/emilpettersson/Desktop/Code-Quiz/Code-quiz/vendor/laravel/framework/src/Illuminate/Database/Connection.php(472): Illuminate\\Database\\Connection->run('insert into `us...', Array, Object(Closure))
#4 /Users/emilpettersson/Desktop/Code-Quiz/Code-quiz/vendor/laravel/framework/src/Illuminate/Database/Connection.php(424): Illuminate\\Database\\Connection->statement('insert into `us...', Array)
#5 /Users/emilpettersson/Desktop/Code-Quiz/Code-quiz/vendor/laravel/framework/src/Illuminate/Database/Query/Processors/Processor.php(32): Illuminate\\Database\\Connection->insert('insert into `us...', Array)
#6 /Users/emilpettersson/Desktop/Code-Quiz/Code-quiz/vendor/laravel/framework/src/Illuminate/Database/Query/Builder.php(2882): Illuminate\\Database\\Query\\Processors\\Processor->processInsertGetId(Object(Illuminate\\Database\\Query\\Builder), 'insert into `us...', Array, 'id')
#7 /Users/emilpettersson/Desktop/Code-Quiz/Code-quiz/vendor/laravel/framework/src/Illuminate/Database/Eloquent/Builder.php(1547): Illuminate\\Database\\Query\\Builder->insertGetId(Array, 'id')
#8 /Users/emilpettersson/Desktop/Code-Quiz/Code-quiz/vendor/laravel/framework/src/Illuminate/Database/Eloquent/Model.php(1052): Illuminate\\Database\\Eloquent\\Builder->__call('insertGetId', Array)
#9 /Users/emilpettersson/Desktop/Code-Quiz/Code-quiz/vendor/laravel/framework/src/Illuminate/Database/Eloquent/Model.php(1017): Illuminate\\Database\\Eloquent\\Model->insertAndSetId(Object(Illuminate\\Database\\Eloquent\\Builder), Array)
#10 /Users/emilpettersson/Desktop/Code-Quiz/Code-quiz/vendor/laravel/framework/src/Illuminate/Database/Eloquent/Model.php(858): Illuminate\\Database\\Eloquent\\Model->performInsert(Object(Illuminate\\Database\\Eloquent\\Builder))
#11 /Users/emilpettersson/Desktop/Code-Quiz/Code-quiz/vendor/laravel/framework/src/Illuminate/Database/Eloquent/Builder.php(816): Illuminate\\Database\\Eloquent\\Model->save()
#12 /Users/emilpettersson/Desktop/Code-Quiz/Code-quiz/vendor/laravel/framework/src/Illuminate/Support/helpers.php(263): Illuminate\\Database\\Eloquent\\Builder->Illuminate\\Database\\Eloquent\\{closure}(Object(App\\Models\\User))
#13 /Users/emilpettersson/Desktop/Code-Quiz/Code-quiz/vendor/laravel/framework/src/Illuminate/Database/Eloquent/Builder.php(817): tap(Object(App\\Models\\User), Object(Closure))
#14 /Users/emilpettersson/Desktop/Code-Quiz/Code-quiz/vendor/laravel/framework/src/Illuminate/Support/Traits/ForwardsCalls.php(23): Illuminate\\Database\\Eloquent\\Builder->create(Array)
#15 /Users/emilpettersson/Desktop/Code-Quiz/Code-quiz/vendor/laravel/framework/src/Illuminate/Database/Eloquent/Model.php(1890): Illuminate\\Database\\Eloquent\\Model->forwardCallTo(Object(Illuminate\\Database\\Eloquent\\Builder), 'create', Array)
#16 /Users/emilpettersson/Desktop/Code-Quiz/Code-quiz/vendor/laravel/framework/src/Illuminate/Database/Eloquent/Model.php(1902): Illuminate\\Database\\Eloquent\\Model->__call('create', Array)
#17 /Users/emilpettersson/Desktop/Code-Quiz/Code-quiz/app/Http/Controllers/RegisterController.php(28): Illuminate\\Database\\Eloquent\\Model::__callStatic('create', Array)
#18 /Users/emilpettersson/Desktop/Code-Quiz/Code-quiz/vendor/laravel/framework/src/Illuminate/Routing/Controller.php(54): App\\Http\\Controllers\\RegisterController->__invoke(Object(Illuminate\\Http\\Request))
#19 /Users/emilpettersson/Desktop/Code-Quiz/Code-quiz/vendor/laravel/framework/src/Illuminate/Routing/ControllerDispatcher.php(45): Illuminate\\Routing\\Controller->callAction('__invoke', Array)
#20 /Users/emilpettersson/Desktop/Code-Quiz/Code-quiz/vendor/laravel/framework/src/Illuminate/Routing/Route.php(254): Illuminate\\Routing\\ControllerDispatcher->dispatch(Object(Illuminate\\Routing\\Route), Object(App\\Http\\Controllers\\RegisterController), '__invoke')
#21 /Users/emilpettersson/Desktop/Code-Quiz/Code-quiz/vendor/laravel/framework/src/Illuminate/Routing/Route.php(197): Illuminate\\Routing\\Route->runController()
#22 /Users/emilpettersson/Desktop/Code-Quiz/Code-quiz/vendor/laravel/framework/src/Illuminate/Routing/Router.php(695): Illuminate\\Routing\\Route->run()
#23 /Users/emilpettersson/Desktop/Code-Quiz/Code-quiz/vendor/laravel/framework/src/Illuminate/Pipeline/Pipeline.php(128): Illuminate\\Routing\\Router->Illuminate\\Routing\\{closure}(Object(Illuminate\\Http\\Request))
#24 /Users/emilpettersson/Desktop/Code-Quiz/Code-quiz/vendor/laravel/framework/src/Illuminate/Routing/Middleware/SubstituteBindings.php(50): Illuminate\\Pipeline\\Pipeline->Illuminate\\Pipeline\\{closure}(Object(Illuminate\\Http\\Request))
#25 /Users/emilpettersson/Desktop/Code-Quiz/Code-quiz/vendor/laravel/framework/src/Illuminate/Pipeline/Pipeline.php(167): Illuminate\\Routing\\Middleware\\SubstituteBindings->handle(Object(Illuminate\\Http\\Request), Object(Closure))
#26 /Users/emilpettersson/Desktop/Code-Quiz/Code-quiz/vendor/laravel/framework/src/Illuminate/Foundation/Http/Middleware/VerifyCsrfToken.php(78): Illuminate\\Pipeline\\Pipeline->Illuminate\\Pipeline\\{closure}(Object(Illuminate\\Http\\Request))
#27 /Users/emilpettersson/Desktop/Code-Quiz/Code-quiz/vendor/laravel/framework/src/Illuminate/Pipeline/Pipeline.php(167): Illuminate\\Foundation\\Http\\Middleware\\VerifyCsrfToken->handle(Object(Illuminate\\Http\\Request), Object(Closure))
#28 /Users/emilpettersson/Desktop/Code-Quiz/Code-quiz/vendor/laravel/framework/src/Illuminate/View/Middleware/ShareErrorsFromSession.php(49): Illuminate\\Pipeline\\Pipeline->Illuminate\\Pipeline\\{closure}(Object(Illuminate\\Http\\Request))
#29 /Users/emilpettersson/Desktop/Code-Quiz/Code-quiz/vendor/laravel/framework/src/Illuminate/Pipeline/Pipeline.php(167): Illuminate\\View\\Middleware\\ShareErrorsFromSession->handle(Object(Illuminate\\Http\\Request), Object(Closure))
#30 /Users/emilpettersson/Desktop/Code-Quiz/Code-quiz/vendor/laravel/framework/src/Illuminate/Session/Middleware/StartSession.php(121): Illuminate\\Pipeline\\Pipeline->Illuminate\\Pipeline\\{closure}(Object(Illuminate\\Http\\Request))
#31 /Users/emilpettersson/Desktop/Code-Quiz/Code-quiz/vendor/laravel/framework/src/Illuminate/Session/Middleware/StartSession.php(64): Illuminate\\Session\\Middleware\\StartSession->handleStatefulRequest(Object(Illuminate\\Http\\Request), Object(Illuminate\\Session\\Store), Object(Closure))
#32 /Users/emilpettersson/Desktop/Code-Quiz/Code-quiz/vendor/laravel/framework/src/Illuminate/Pipeline/Pipeline.php(167): Illuminate\\Session\\Middleware\\StartSession->handle(Object(Illuminate\\Http\\Request), Object(Closure))
#33 /Users/emilpettersson/Desktop/Code-Quiz/Code-quiz/vendor/laravel/framework/src/Illuminate/Cookie/Middleware/AddQueuedCookiesToResponse.php(37): Illuminate\\Pipeline\\Pipeline->Illuminate\\Pipeline\\{closure}(Object(Illuminate\\Http\\Request))
#34 /Users/emilpettersson/Desktop/Code-Quiz/Code-quiz/vendor/laravel/framework/src/Illuminate/Pipeline/Pipeline.php(167): Illuminate\\Cookie\\Middleware\\AddQueuedCookiesToResponse->handle(Object(Illuminate\\Http\\Request), Object(Closure))
#35 /Users/emilpettersson/Desktop/Code-Quiz/Code-quiz/vendor/laravel/framework/src/Illuminate/Cookie/Middleware/EncryptCookies.php(67): Illuminate\\Pipeline\\Pipeline->Illuminate\\Pipeline\\{closure}(Object(Illuminate\\Http\\Request))
#36 /Users/emilpettersson/Desktop/Code-Quiz/Code-quiz/vendor/laravel/framework/src/Illuminate/Pipeline/Pipeline.php(167): Illuminate\\Cookie\\Middleware\\EncryptCookies->handle(Object(Illuminate\\Http\\Request), Object(Closure))
#37 /Users/emilpettersson/Desktop/Code-Quiz/Code-quiz/vendor/laravel/framework/src/Illuminate/Pipeline/Pipeline.php(103): Illuminate\\Pipeline\\Pipeline->Illuminate\\Pipeline\\{closure}(Object(Illuminate\\Http\\Request))
#38 /Users/emilpettersson/Desktop/Code-Quiz/Code-quiz/vendor/laravel/framework/src/Illuminate/Routing/Router.php(697): Illuminate\\Pipeline\\Pipeline->then(Object(Closure))
#39 /Users/emilpettersson/Desktop/Code-Quiz/Code-quiz/vendor/laravel/framework/src/Illuminate/Routing/Router.php(672): Illuminate\\Routing\\Router->runRouteWithinStack(Object(Illuminate\\Routing\\Route), Object(Illuminate\\Http\\Request))
#40 /Users/emilpettersson/Desktop/Code-Quiz/Code-quiz/vendor/laravel/framework/src/Illuminate/Routing/Router.php(636): Illuminate\\Routing\\Router->runRoute(Object(Illuminate\\Http\\Request), Object(Illuminate\\Routing\\Route))
#41 /Users/emilpettersson/Desktop/Code-Quiz/Code-quiz/vendor/laravel/framework/src/Illuminate/Routing/Router.php(625): Illuminate\\Routing\\Router->dispatchToRoute(Object(Illuminate\\Http\\Request))
#42 /Users/emilpettersson/Desktop/Code-Quiz/Code-quiz/vendor/laravel/framework/src/Illuminate/Foundation/Http/Kernel.php(166): Illuminate\\Routing\\Router->dispatch(Object(Illuminate\\Http\\Request))
#43 /Users/emilpettersson/Desktop/Code-Quiz/Code-quiz/vendor/laravel/framework/src/Illuminate/Pipeline/Pipeline.php(128): Illuminate\\Foundation\\Http\\Kernel->Illuminate\\Foundation\\Http\\{closure}(Object(Illuminate\\Http\\Request))
#44 /Users/emilpettersson/Desktop/Code-Quiz/Code-quiz/vendor/laravel/framework/src/Illuminate/Foundation/Http/Middleware/TransformsRequest.php(21): Illuminate\\Pipeline\\Pipeline->Illuminate\\Pipeline\\{closure}(Object(Illuminate\\Http\\Request))
#45 /Users/emilpettersson/Desktop/Code-Quiz/Code-quiz/vendor/laravel/framework/src/Illuminate/Pipeline/Pipeline.php(167): Illuminate\\Foundation\\Http\\Middleware\\TransformsRequest->handle(Object(Illuminate\\Http\\Request), Object(Closure))
#46 /Users/emilpettersson/Desktop/Code-Quiz/Code-quiz/vendor/laravel/framework/src/Illuminate/Foundation/Http/Middleware/TransformsRequest.php(21): Illuminate\\Pipeline\\Pipeline->Illuminate\\Pipeline\\{closure}(Object(Illuminate\\Http\\Request))
#47 /Users/emilpettersson/Desktop/Code-Quiz/Code-quiz/vendor/laravel/framework/src/Illuminate/Pipeline/Pipeline.php(167): Illuminate\\Foundation\\Http\\Middleware\\TransformsRequest->handle(Object(Illuminate\\Http\\Request), Object(Closure))
#48 /Users/emilpettersson/Desktop/Code-Quiz/Code-quiz/vendor/laravel/framework/src/Illuminate/Foundation/Http/Middleware/ValidatePostSize.php(27): Illuminate\\Pipeline\\Pipeline->Illuminate\\Pipeline\\{closure}(Object(Illuminate\\Http\\Request))
#49 /Users/emilpettersson/Desktop/Code-Quiz/Code-quiz/vendor/laravel/framework/src/Illuminate/Pipeline/Pipeline.php(167): Illuminate\\Foundation\\Http\\Middleware\\ValidatePostSize->handle(Object(Illuminate\\Http\\Request), Object(Closure))
#50 /Users/emilpettersson/Desktop/Code-Quiz/Code-quiz/vendor/laravel/framework/src/Illuminate/Foundation/Http/Middleware/PreventRequestsDuringMaintenance.php(86): Illuminate\\Pipeline\\Pipeline->Illuminate\\Pipeline\\{closure}(Object(Illuminate\\Http\\Request))
#51 /Users/emilpettersson/Desktop/Code-Quiz/Code-quiz/vendor/laravel/framework/src/Illuminate/Pipeline/Pipeline.php(167): Illuminate\\Foundation\\Http\\Middleware\\PreventRequestsDuringMaintenance->handle(Object(Illuminate\\Http\\Request), Object(Closure))
#52 /Users/emilpettersson/Desktop/Code-Quiz/Code-quiz/vendor/fruitcake/laravel-cors/src/HandleCors.php(37): Illuminate\\Pipeline\\Pipeline->Illuminate\\Pipeline\\{closure}(Object(Illuminate\\Http\\Request))
#53 /Users/emilpettersson/Desktop/Code-Quiz/Code-quiz/vendor/laravel/framework/src/Illuminate/Pipeline/Pipeline.php(167): Fruitcake\\Cors\\HandleCors->handle(Object(Illuminate\\Http\\Request), Object(Closure))
#54 /Users/emilpettersson/Desktop/Code-Quiz/Code-quiz/vendor/fideloper/proxy/src/TrustProxies.php(57): Illuminate\\Pipeline\\Pipeline->Illuminate\\Pipeline\\{closure}(Object(Illuminate\\Http\\Request))
#55 /Users/emilpettersson/Desktop/Code-Quiz/Code-quiz/vendor/laravel/framework/src/Illuminate/Pipeline/Pipeline.php(167): Fideloper\\Proxy\\TrustProxies->handle(Object(Illuminate\\Http\\Request), Object(Closure))
#56 /Users/emilpettersson/Desktop/Code-Quiz/Code-quiz/vendor/itsgoingd/clockwork/Clockwork/Support/Laravel/ClockworkMiddleware.php(24): Illuminate\\Pipeline\\Pipeline->Illuminate\\Pipeline\\{closure}(Object(Illuminate\\Http\\Request))
#57 /Users/emilpettersson/Desktop/Code-Quiz/Code-quiz/vendor/laravel/framework/src/Illuminate/Pipeline/Pipeline.php(167): Clockwork\\Support\\Laravel\\ClockworkMiddleware->handle(Object(Illuminate\\Http\\Request), Object(Closure))
#58 /Users/emilpettersson/Desktop/Code-Quiz/Code-quiz/vendor/laravel/framework/src/Illuminate/Pipeline/Pipeline.php(103): Illuminate\\Pipeline\\Pipeline->Illuminate\\Pipeline\\{closure}(Object(Illuminate\\Http\\Request))
#59 /Users/emilpettersson/Desktop/Code-Quiz/Code-quiz/vendor/laravel/framework/src/Illuminate/Foundation/Http/Kernel.php(141): Illuminate\\Pipeline\\Pipeline->then(Object(Closure))
#60 /Users/emilpettersson/Desktop/Code-Quiz/Code-quiz/vendor/laravel/framework/src/Illuminate/Foundation/Http/Kernel.php(110): Illuminate\\Foundation\\Http\\Kernel->sendRequestThroughRouter(Object(Illuminate\\Http\\Request))
#61 /Users/emilpettersson/Desktop/Code-Quiz/Code-quiz/public/index.php(52): Illuminate\\Foundation\\Http\\Kernel->handle(Object(Illuminate\\Http\\Request))
#62 /Users/emilpettersson/Desktop/Code-Quiz/Code-quiz/server.php(21): require_once('/Users/emilpett...')
#63 {main}
"} 
[2021-04-09 14:52:50] local.ERROR: SQLSTATE[23000]: Integrity constraint violation: 1062 Duplicate entry 'henrik@yrgo.se' for key 'users.users_email_unique' (SQL: insert into `users` (`name`, `email`, `password`, `updated_at`, `created_at`) values (Emil, henrik@yrgo.se, $2y$10$lantC09A8zqt624MvuZcr.7PqgO8C6Y78FT/ziYMBodqd8aX//PCK, 2021-04-09 14:52:50, 2021-04-09 14:52:50)) {"exception":"[object] (Illuminate\\Database\\QueryException(code: 23000): SQLSTATE[23000]: Integrity constraint violation: 1062 Duplicate entry 'henrik@yrgo.se' for key 'users.users_email_unique' (SQL: insert into `users` (`name`, `email`, `password`, `updated_at`, `created_at`) values (Emil, henrik@yrgo.se, $2y$10$lantC09A8zqt624MvuZcr.7PqgO8C6Y78FT/ziYMBodqd8aX//PCK, 2021-04-09 14:52:50, 2021-04-09 14:52:50)) at /Users/emilpettersson/Desktop/Code-Quiz/Code-quiz/vendor/laravel/framework/src/Illuminate/Database/Connection.php:678)
[stacktrace]
#0 /Users/emilpettersson/Desktop/Code-Quiz/Code-quiz/vendor/laravel/framework/src/Illuminate/Database/Connection.php(638): Illuminate\\Database\\Connection->runQueryCallback('insert into `us...', Array, Object(Closure))
#1 /Users/emilpettersson/Desktop/Code-Quiz/Code-quiz/vendor/laravel/framework/src/Illuminate/Database/Connection.php(472): Illuminate\\Database\\Connection->run('insert into `us...', Array, Object(Closure))
#2 /Users/emilpettersson/Desktop/Code-Quiz/Code-quiz/vendor/laravel/framework/src/Illuminate/Database/Connection.php(424): Illuminate\\Database\\Connection->statement('insert into `us...', Array)
#3 /Users/emilpettersson/Desktop/Code-Quiz/Code-quiz/vendor/laravel/framework/src/Illuminate/Database/Query/Processors/Processor.php(32): Illuminate\\Database\\Connection->insert('insert into `us...', Array)
#4 /Users/emilpettersson/Desktop/Code-Quiz/Code-quiz/vendor/laravel/framework/src/Illuminate/Database/Query/Builder.php(2882): Illuminate\\Database\\Query\\Processors\\Processor->processInsertGetId(Object(Illuminate\\Database\\Query\\Builder), 'insert into `us...', Array, 'id')
#5 /Users/emilpettersson/Desktop/Code-Quiz/Code-quiz/vendor/laravel/framework/src/Illuminate/Database/Eloquent/Builder.php(1547): Illuminate\\Database\\Query\\Builder->insertGetId(Array, 'id')
#6 /Users/emilpettersson/Desktop/Code-Quiz/Code-quiz/vendor/laravel/framework/src/Illuminate/Database/Eloquent/Model.php(1052): Illuminate\\Database\\Eloquent\\Builder->__call('insertGetId', Array)
#7 /Users/emilpettersson/Desktop/Code-Quiz/Code-quiz/vendor/laravel/framework/src/Illuminate/Database/Eloquent/Model.php(1017): Illuminate\\Database\\Eloquent\\Model->insertAndSetId(Object(Illuminate\\Database\\Eloquent\\Builder), Array)
#8 /Users/emilpettersson/Desktop/Code-Quiz/Code-quiz/vendor/laravel/framework/src/Illuminate/Database/Eloquent/Model.php(858): Illuminate\\Database\\Eloquent\\Model->performInsert(Object(Illuminate\\Database\\Eloquent\\Builder))
#9 /Users/emilpettersson/Desktop/Code-Quiz/Code-quiz/vendor/laravel/framework/src/Illuminate/Database/Eloquent/Builder.php(816): Illuminate\\Database\\Eloquent\\Model->save()
#10 /Users/emilpettersson/Desktop/Code-Quiz/Code-quiz/vendor/laravel/framework/src/Illuminate/Support/helpers.php(263): Illuminate\\Database\\Eloquent\\Builder->Illuminate\\Database\\Eloquent\\{closure}(Object(App\\Models\\User))
#11 /Users/emilpettersson/Desktop/Code-Quiz/Code-quiz/vendor/laravel/framework/src/Illuminate/Database/Eloquent/Builder.php(817): tap(Object(App\\Models\\User), Object(Closure))
#12 /Users/emilpettersson/Desktop/Code-Quiz/Code-quiz/vendor/laravel/framework/src/Illuminate/Support/Traits/ForwardsCalls.php(23): Illuminate\\Database\\Eloquent\\Builder->create(Array)
#13 /Users/emilpettersson/Desktop/Code-Quiz/Code-quiz/vendor/laravel/framework/src/Illuminate/Database/Eloquent/Model.php(1890): Illuminate\\Database\\Eloquent\\Model->forwardCallTo(Object(Illuminate\\Database\\Eloquent\\Builder), 'create', Array)
#14 /Users/emilpettersson/Desktop/Code-Quiz/Code-quiz/vendor/laravel/framework/src/Illuminate/Database/Eloquent/Model.php(1902): Illuminate\\Database\\Eloquent\\Model->__call('create', Array)
#15 /Users/emilpettersson/Desktop/Code-Quiz/Code-quiz/app/Http/Controllers/RegisterController.php(28): Illuminate\\Database\\Eloquent\\Model::__callStatic('create', Array)
#16 /Users/emilpettersson/Desktop/Code-Quiz/Code-quiz/vendor/laravel/framework/src/Illuminate/Routing/Controller.php(54): App\\Http\\Controllers\\RegisterController->__invoke(Object(Illuminate\\Http\\Request))
#17 /Users/emilpettersson/Desktop/Code-Quiz/Code-quiz/vendor/laravel/framework/src/Illuminate/Routing/ControllerDispatcher.php(45): Illuminate\\Routing\\Controller->callAction('__invoke', Array)
#18 /Users/emilpettersson/Desktop/Code-Quiz/Code-quiz/vendor/laravel/framework/src/Illuminate/Routing/Route.php(254): Illuminate\\Routing\\ControllerDispatcher->dispatch(Object(Illuminate\\Routing\\Route), Object(App\\Http\\Controllers\\RegisterController), '__invoke')
#19 /Users/emilpettersson/Desktop/Code-Quiz/Code-quiz/vendor/laravel/framework/src/Illuminate/Routing/Route.php(197): Illuminate\\Routing\\Route->runController()
#20 /Users/emilpettersson/Desktop/Code-Quiz/Code-quiz/vendor/laravel/framework/src/Illuminate/Routing/Router.php(695): Illuminate\\Routing\\Route->run()
#21 /Users/emilpettersson/Desktop/Code-Quiz/Code-quiz/vendor/laravel/framework/src/Illuminate/Pipeline/Pipeline.php(128): Illuminate\\Routing\\Router->Illuminate\\Routing\\{closure}(Object(Illuminate\\Http\\Request))
#22 /Users/emilpettersson/Desktop/Code-Quiz/Code-quiz/vendor/laravel/framework/src/Illuminate/Routing/Middleware/SubstituteBindings.php(50): Illuminate\\Pipeline\\Pipeline->Illuminate\\Pipeline\\{closure}(Object(Illuminate\\Http\\Request))
#23 /Users/emilpettersson/Desktop/Code-Quiz/Code-quiz/vendor/laravel/framework/src/Illuminate/Pipeline/Pipeline.php(167): Illuminate\\Routing\\Middleware\\SubstituteBindings->handle(Object(Illuminate\\Http\\Request), Object(Closure))
#24 /Users/emilpettersson/Desktop/Code-Quiz/Code-quiz/vendor/laravel/framework/src/Illuminate/Foundation/Http/Middleware/VerifyCsrfToken.php(78): Illuminate\\Pipeline\\Pipeline->Illuminate\\Pipeline\\{closure}(Object(Illuminate\\Http\\Request))
#25 /Users/emilpettersson/Desktop/Code-Quiz/Code-quiz/vendor/laravel/framework/src/Illuminate/Pipeline/Pipeline.php(167): Illuminate\\Foundation\\Http\\Middleware\\VerifyCsrfToken->handle(Object(Illuminate\\Http\\Request), Object(Closure))
#26 /Users/emilpettersson/Desktop/Code-Quiz/Code-quiz/vendor/laravel/framework/src/Illuminate/View/Middleware/ShareErrorsFromSession.php(49): Illuminate\\Pipeline\\Pipeline->Illuminate\\Pipeline\\{closure}(Object(Illuminate\\Http\\Request))
#27 /Users/emilpettersson/Desktop/Code-Quiz/Code-quiz/vendor/laravel/framework/src/Illuminate/Pipeline/Pipeline.php(167): Illuminate\\View\\Middleware\\ShareErrorsFromSession->handle(Object(Illuminate\\Http\\Request), Object(Closure))
#28 /Users/emilpettersson/Desktop/Code-Quiz/Code-quiz/vendor/laravel/framework/src/Illuminate/Session/Middleware/StartSession.php(121): Illuminate\\Pipeline\\Pipeline->Illuminate\\Pipeline\\{closure}(Object(Illuminate\\Http\\Request))
#29 /Users/emilpettersson/Desktop/Code-Quiz/Code-quiz/vendor/laravel/framework/src/Illuminate/Session/Middleware/StartSession.php(64): Illuminate\\Session\\Middleware\\StartSession->handleStatefulRequest(Object(Illuminate\\Http\\Request), Object(Illuminate\\Session\\Store), Object(Closure))
#30 /Users/emilpettersson/Desktop/Code-Quiz/Code-quiz/vendor/laravel/framework/src/Illuminate/Pipeline/Pipeline.php(167): Illuminate\\Session\\Middleware\\StartSession->handle(Object(Illuminate\\Http\\Request), Object(Closure))
#31 /Users/emilpettersson/Desktop/Code-Quiz/Code-quiz/vendor/laravel/framework/src/Illuminate/Cookie/Middleware/AddQueuedCookiesToResponse.php(37): Illuminate\\Pipeline\\Pipeline->Illuminate\\Pipeline\\{closure}(Object(Illuminate\\Http\\Request))
#32 /Users/emilpettersson/Desktop/Code-Quiz/Code-quiz/vendor/laravel/framework/src/Illuminate/Pipeline/Pipeline.php(167): Illuminate\\Cookie\\Middleware\\AddQueuedCookiesToResponse->handle(Object(Illuminate\\Http\\Request), Object(Closure))
#33 /Users/emilpettersson/Desktop/Code-Quiz/Code-quiz/vendor/laravel/framework/src/Illuminate/Cookie/Middleware/EncryptCookies.php(67): Illuminate\\Pipeline\\Pipeline->Illuminate\\Pipeline\\{closure}(Object(Illuminate\\Http\\Request))
#34 /Users/emilpettersson/Desktop/Code-Quiz/Code-quiz/vendor/laravel/framework/src/Illuminate/Pipeline/Pipeline.php(167): Illuminate\\Cookie\\Middleware\\EncryptCookies->handle(Object(Illuminate\\Http\\Request), Object(Closure))
#35 /Users/emilpettersson/Desktop/Code-Quiz/Code-quiz/vendor/laravel/framework/src/Illuminate/Pipeline/Pipeline.php(103): Illuminate\\Pipeline\\Pipeline->Illuminate\\Pipeline\\{closure}(Object(Illuminate\\Http\\Request))
#36 /Users/emilpettersson/Desktop/Code-Quiz/Code-quiz/vendor/laravel/framework/src/Illuminate/Routing/Router.php(697): Illuminate\\Pipeline\\Pipeline->then(Object(Closure))
#37 /Users/emilpettersson/Desktop/Code-Quiz/Code-quiz/vendor/laravel/framework/src/Illuminate/Routing/Router.php(672): Illuminate\\Routing\\Router->runRouteWithinStack(Object(Illuminate\\Routing\\Route), Object(Illuminate\\Http\\Request))
#38 /Users/emilpettersson/Desktop/Code-Quiz/Code-quiz/vendor/laravel/framework/src/Illuminate/Routing/Router.php(636): Illuminate\\Routing\\Router->runRoute(Object(Illuminate\\Http\\Request), Object(Illuminate\\Routing\\Route))
#39 /Users/emilpettersson/Desktop/Code-Quiz/Code-quiz/vendor/laravel/framework/src/Illuminate/Routing/Router.php(625): Illuminate\\Routing\\Router->dispatchToRoute(Object(Illuminate\\Http\\Request))
#40 /Users/emilpettersson/Desktop/Code-Quiz/Code-quiz/vendor/laravel/framework/src/Illuminate/Foundation/Http/Kernel.php(166): Illuminate\\Routing\\Router->dispatch(Object(Illuminate\\Http\\Request))
#41 /Users/emilpettersson/Desktop/Code-Quiz/Code-quiz/vendor/laravel/framework/src/Illuminate/Pipeline/Pipeline.php(128): Illuminate\\Foundation\\Http\\Kernel->Illuminate\\Foundation\\Http\\{closure}(Object(Illuminate\\Http\\Request))
#42 /Users/emilpettersson/Desktop/Code-Quiz/Code-quiz/vendor/laravel/framework/src/Illuminate/Foundation/Http/Middleware/TransformsRequest.php(21): Illuminate\\Pipeline\\Pipeline->Illuminate\\Pipeline\\{closure}(Object(Illuminate\\Http\\Request))
#43 /Users/emilpettersson/Desktop/Code-Quiz/Code-quiz/vendor/laravel/framework/src/Illuminate/Pipeline/Pipeline.php(167): Illuminate\\Foundation\\Http\\Middleware\\TransformsRequest->handle(Object(Illuminate\\Http\\Request), Object(Closure))
#44 /Users/emilpettersson/Desktop/Code-Quiz/Code-quiz/vendor/laravel/framework/src/Illuminate/Foundation/Http/Middleware/TransformsRequest.php(21): Illuminate\\Pipeline\\Pipeline->Illuminate\\Pipeline\\{closure}(Object(Illuminate\\Http\\Request))
#45 /Users/emilpettersson/Desktop/Code-Quiz/Code-quiz/vendor/laravel/framework/src/Illuminate/Pipeline/Pipeline.php(167): Illuminate\\Foundation\\Http\\Middleware\\TransformsRequest->handle(Object(Illuminate\\Http\\Request), Object(Closure))
#46 /Users/emilpettersson/Desktop/Code-Quiz/Code-quiz/vendor/laravel/framework/src/Illuminate/Foundation/Http/Middleware/ValidatePostSize.php(27): Illuminate\\Pipeline\\Pipeline->Illuminate\\Pipeline\\{closure}(Object(Illuminate\\Http\\Request))
#47 /Users/emilpettersson/Desktop/Code-Quiz/Code-quiz/vendor/laravel/framework/src/Illuminate/Pipeline/Pipeline.php(167): Illuminate\\Foundation\\Http\\Middleware\\ValidatePostSize->handle(Object(Illuminate\\Http\\Request), Object(Closure))
#48 /Users/emilpettersson/Desktop/Code-Quiz/Code-quiz/vendor/laravel/framework/src/Illuminate/Foundation/Http/Middleware/PreventRequestsDuringMaintenance.php(86): Illuminate\\Pipeline\\Pipeline->Illuminate\\Pipeline\\{closure}(Object(Illuminate\\Http\\Request))
#49 /Users/emilpettersson/Desktop/Code-Quiz/Code-quiz/vendor/laravel/framework/src/Illuminate/Pipeline/Pipeline.php(167): Illuminate\\Foundation\\Http\\Middleware\\PreventRequestsDuringMaintenance->handle(Object(Illuminate\\Http\\Request), Object(Closure))
#50 /Users/emilpettersson/Desktop/Code-Quiz/Code-quiz/vendor/fruitcake/laravel-cors/src/HandleCors.php(37): Illuminate\\Pipeline\\Pipeline->Illuminate\\Pipeline\\{closure}(Object(Illuminate\\Http\\Request))
#51 /Users/emilpettersson/Desktop/Code-Quiz/Code-quiz/vendor/laravel/framework/src/Illuminate/Pipeline/Pipeline.php(167): Fruitcake\\Cors\\HandleCors->handle(Object(Illuminate\\Http\\Request), Object(Closure))
#52 /Users/emilpettersson/Desktop/Code-Quiz/Code-quiz/vendor/fideloper/proxy/src/TrustProxies.php(57): Illuminate\\Pipeline\\Pipeline->Illuminate\\Pipeline\\{closure}(Object(Illuminate\\Http\\Request))
#53 /Users/emilpettersson/Desktop/Code-Quiz/Code-quiz/vendor/laravel/framework/src/Illuminate/Pipeline/Pipeline.php(167): Fideloper\\Proxy\\TrustProxies->handle(Object(Illuminate\\Http\\Request), Object(Closure))
#54 /Users/emilpettersson/Desktop/Code-Quiz/Code-quiz/vendor/itsgoingd/clockwork/Clockwork/Support/Laravel/ClockworkMiddleware.php(24): Illuminate\\Pipeline\\Pipeline->Illuminate\\Pipeline\\{closure}(Object(Illuminate\\Http\\Request))
#55 /Users/emilpettersson/Desktop/Code-Quiz/Code-quiz/vendor/laravel/framework/src/Illuminate/Pipeline/Pipeline.php(167): Clockwork\\Support\\Laravel\\ClockworkMiddleware->handle(Object(Illuminate\\Http\\Request), Object(Closure))
#56 /Users/emilpettersson/Desktop/Code-Quiz/Code-quiz/vendor/laravel/framework/src/Illuminate/Pipeline/Pipeline.php(103): Illuminate\\Pipeline\\Pipeline->Illuminate\\Pipeline\\{closure}(Object(Illuminate\\Http\\Request))
#57 /Users/emilpettersson/Desktop/Code-Quiz/Code-quiz/vendor/laravel/framework/src/Illuminate/Foundation/Http/Kernel.php(141): Illuminate\\Pipeline\\Pipeline->then(Object(Closure))
#58 /Users/emilpettersson/Desktop/Code-Quiz/Code-quiz/vendor/laravel/framework/src/Illuminate/Foundation/Http/Kernel.php(110): Illuminate\\Foundation\\Http\\Kernel->sendRequestThroughRouter(Object(Illuminate\\Http\\Request))
#59 /Users/emilpettersson/Desktop/Code-Quiz/Code-quiz/public/index.php(52): Illuminate\\Foundation\\Http\\Kernel->handle(Object(Illuminate\\Http\\Request))
#60 /Users/emilpettersson/Desktop/Code-Quiz/Code-quiz/server.php(21): require_once('/Users/emilpett...')
#61 {main}

[previous exception] [object] (PDOException(code: 23000): SQLSTATE[23000]: Integrity constraint violation: 1062 Duplicate entry 'henrik@yrgo.se' for key 'users.users_email_unique' at /Users/emilpettersson/Desktop/Code-Quiz/Code-quiz/vendor/laravel/framework/src/Illuminate/Database/Connection.php:471)
[stacktrace]
#0 /Users/emilpettersson/Desktop/Code-Quiz/Code-quiz/vendor/laravel/framework/src/Illuminate/Database/Connection.php(471): PDOStatement->execute()
#1 /Users/emilpettersson/Desktop/Code-Quiz/Code-quiz/vendor/laravel/framework/src/Illuminate/Database/Connection.php(671): Illuminate\\Database\\Connection->Illuminate\\Database\\{closure}('insert into `us...', Array)
#2 /Users/emilpettersson/Desktop/Code-Quiz/Code-quiz/vendor/laravel/framework/src/Illuminate/Database/Connection.php(638): Illuminate\\Database\\Connection->runQueryCallback('insert into `us...', Array, Object(Closure))
#3 /Users/emilpettersson/Desktop/Code-Quiz/Code-quiz/vendor/laravel/framework/src/Illuminate/Database/Connection.php(472): Illuminate\\Database\\Connection->run('insert into `us...', Array, Object(Closure))
#4 /Users/emilpettersson/Desktop/Code-Quiz/Code-quiz/vendor/laravel/framework/src/Illuminate/Database/Connection.php(424): Illuminate\\Database\\Connection->statement('insert into `us...', Array)
#5 /Users/emilpettersson/Desktop/Code-Quiz/Code-quiz/vendor/laravel/framework/src/Illuminate/Database/Query/Processors/Processor.php(32): Illuminate\\Database\\Connection->insert('insert into `us...', Array)
#6 /Users/emilpettersson/Desktop/Code-Quiz/Code-quiz/vendor/laravel/framework/src/Illuminate/Database/Query/Builder.php(2882): Illuminate\\Database\\Query\\Processors\\Processor->processInsertGetId(Object(Illuminate\\Database\\Query\\Builder), 'insert into `us...', Array, 'id')
#7 /Users/emilpettersson/Desktop/Code-Quiz/Code-quiz/vendor/laravel/framework/src/Illuminate/Database/Eloquent/Builder.php(1547): Illuminate\\Database\\Query\\Builder->insertGetId(Array, 'id')
#8 /Users/emilpettersson/Desktop/Code-Quiz/Code-quiz/vendor/laravel/framework/src/Illuminate/Database/Eloquent/Model.php(1052): Illuminate\\Database\\Eloquent\\Builder->__call('insertGetId', Array)
#9 /Users/emilpettersson/Desktop/Code-Quiz/Code-quiz/vendor/laravel/framework/src/Illuminate/Database/Eloquent/Model.php(1017): Illuminate\\Database\\Eloquent\\Model->insertAndSetId(Object(Illuminate\\Database\\Eloquent\\Builder), Array)
#10 /Users/emilpettersson/Desktop/Code-Quiz/Code-quiz/vendor/laravel/framework/src/Illuminate/Database/Eloquent/Model.php(858): Illuminate\\Database\\Eloquent\\Model->performInsert(Object(Illuminate\\Database\\Eloquent\\Builder))
#11 /Users/emilpettersson/Desktop/Code-Quiz/Code-quiz/vendor/laravel/framework/src/Illuminate/Database/Eloquent/Builder.php(816): Illuminate\\Database\\Eloquent\\Model->save()
#12 /Users/emilpettersson/Desktop/Code-Quiz/Code-quiz/vendor/laravel/framework/src/Illuminate/Support/helpers.php(263): Illuminate\\Database\\Eloquent\\Builder->Illuminate\\Database\\Eloquent\\{closure}(Object(App\\Models\\User))
#13 /Users/emilpettersson/Desktop/Code-Quiz/Code-quiz/vendor/laravel/framework/src/Illuminate/Database/Eloquent/Builder.php(817): tap(Object(App\\Models\\User), Object(Closure))
#14 /Users/emilpettersson/Desktop/Code-Quiz/Code-quiz/vendor/laravel/framework/src/Illuminate/Support/Traits/ForwardsCalls.php(23): Illuminate\\Database\\Eloquent\\Builder->create(Array)
#15 /Users/emilpettersson/Desktop/Code-Quiz/Code-quiz/vendor/laravel/framework/src/Illuminate/Database/Eloquent/Model.php(1890): Illuminate\\Database\\Eloquent\\Model->forwardCallTo(Object(Illuminate\\Database\\Eloquent\\Builder), 'create', Array)
#16 /Users/emilpettersson/Desktop/Code-Quiz/Code-quiz/vendor/laravel/framework/src/Illuminate/Database/Eloquent/Model.php(1902): Illuminate\\Database\\Eloquent\\Model->__call('create', Array)
#17 /Users/emilpettersson/Desktop/Code-Quiz/Code-quiz/app/Http/Controllers/RegisterController.php(28): Illuminate\\Database\\Eloquent\\Model::__callStatic('create', Array)
#18 /Users/emilpettersson/Desktop/Code-Quiz/Code-quiz/vendor/laravel/framework/src/Illuminate/Routing/Controller.php(54): App\\Http\\Controllers\\RegisterController->__invoke(Object(Illuminate\\Http\\Request))
#19 /Users/emilpettersson/Desktop/Code-Quiz/Code-quiz/vendor/laravel/framework/src/Illuminate/Routing/ControllerDispatcher.php(45): Illuminate\\Routing\\Controller->callAction('__invoke', Array)
#20 /Users/emilpettersson/Desktop/Code-Quiz/Code-quiz/vendor/laravel/framework/src/Illuminate/Routing/Route.php(254): Illuminate\\Routing\\ControllerDispatcher->dispatch(Object(Illuminate\\Routing\\Route), Object(App\\Http\\Controllers\\RegisterController), '__invoke')
#21 /Users/emilpettersson/Desktop/Code-Quiz/Code-quiz/vendor/laravel/framework/src/Illuminate/Routing/Route.php(197): Illuminate\\Routing\\Route->runController()
#22 /Users/emilpettersson/Desktop/Code-Quiz/Code-quiz/vendor/laravel/framework/src/Illuminate/Routing/Router.php(695): Illuminate\\Routing\\Route->run()
#23 /Users/emilpettersson/Desktop/Code-Quiz/Code-quiz/vendor/laravel/framework/src/Illuminate/Pipeline/Pipeline.php(128): Illuminate\\Routing\\Router->Illuminate\\Routing\\{closure}(Object(Illuminate\\Http\\Request))
#24 /Users/emilpettersson/Desktop/Code-Quiz/Code-quiz/vendor/laravel/framework/src/Illuminate/Routing/Middleware/SubstituteBindings.php(50): Illuminate\\Pipeline\\Pipeline->Illuminate\\Pipeline\\{closure}(Object(Illuminate\\Http\\Request))
#25 /Users/emilpettersson/Desktop/Code-Quiz/Code-quiz/vendor/laravel/framework/src/Illuminate/Pipeline/Pipeline.php(167): Illuminate\\Routing\\Middleware\\SubstituteBindings->handle(Object(Illuminate\\Http\\Request), Object(Closure))
#26 /Users/emilpettersson/Desktop/Code-Quiz/Code-quiz/vendor/laravel/framework/src/Illuminate/Foundation/Http/Middleware/VerifyCsrfToken.php(78): Illuminate\\Pipeline\\Pipeline->Illuminate\\Pipeline\\{closure}(Object(Illuminate\\Http\\Request))
#27 /Users/emilpettersson/Desktop/Code-Quiz/Code-quiz/vendor/laravel/framework/src/Illuminate/Pipeline/Pipeline.php(167): Illuminate\\Foundation\\Http\\Middleware\\VerifyCsrfToken->handle(Object(Illuminate\\Http\\Request), Object(Closure))
#28 /Users/emilpettersson/Desktop/Code-Quiz/Code-quiz/vendor/laravel/framework/src/Illuminate/View/Middleware/ShareErrorsFromSession.php(49): Illuminate\\Pipeline\\Pipeline->Illuminate\\Pipeline\\{closure}(Object(Illuminate\\Http\\Request))
#29 /Users/emilpettersson/Desktop/Code-Quiz/Code-quiz/vendor/laravel/framework/src/Illuminate/Pipeline/Pipeline.php(167): Illuminate\\View\\Middleware\\ShareErrorsFromSession->handle(Object(Illuminate\\Http\\Request), Object(Closure))
#30 /Users/emilpettersson/Desktop/Code-Quiz/Code-quiz/vendor/laravel/framework/src/Illuminate/Session/Middleware/StartSession.php(121): Illuminate\\Pipeline\\Pipeline->Illuminate\\Pipeline\\{closure}(Object(Illuminate\\Http\\Request))
#31 /Users/emilpettersson/Desktop/Code-Quiz/Code-quiz/vendor/laravel/framework/src/Illuminate/Session/Middleware/StartSession.php(64): Illuminate\\Session\\Middleware\\StartSession->handleStatefulRequest(Object(Illuminate\\Http\\Request), Object(Illuminate\\Session\\Store), Object(Closure))
#32 /Users/emilpettersson/Desktop/Code-Quiz/Code-quiz/vendor/laravel/framework/src/Illuminate/Pipeline/Pipeline.php(167): Illuminate\\Session\\Middleware\\StartSession->handle(Object(Illuminate\\Http\\Request), Object(Closure))
#33 /Users/emilpettersson/Desktop/Code-Quiz/Code-quiz/vendor/laravel/framework/src/Illuminate/Cookie/Middleware/AddQueuedCookiesToResponse.php(37): Illuminate\\Pipeline\\Pipeline->Illuminate\\Pipeline\\{closure}(Object(Illuminate\\Http\\Request))
#34 /Users/emilpettersson/Desktop/Code-Quiz/Code-quiz/vendor/laravel/framework/src/Illuminate/Pipeline/Pipeline.php(167): Illuminate\\Cookie\\Middleware\\AddQueuedCookiesToResponse->handle(Object(Illuminate\\Http\\Request), Object(Closure))
#35 /Users/emilpettersson/Desktop/Code-Quiz/Code-quiz/vendor/laravel/framework/src/Illuminate/Cookie/Middleware/EncryptCookies.php(67): Illuminate\\Pipeline\\Pipeline->Illuminate\\Pipeline\\{closure}(Object(Illuminate\\Http\\Request))
#36 /Users/emilpettersson/Desktop/Code-Quiz/Code-quiz/vendor/laravel/framework/src/Illuminate/Pipeline/Pipeline.php(167): Illuminate\\Cookie\\Middleware\\EncryptCookies->handle(Object(Illuminate\\Http\\Request), Object(Closure))
#37 /Users/emilpettersson/Desktop/Code-Quiz/Code-quiz/vendor/laravel/framework/src/Illuminate/Pipeline/Pipeline.php(103): Illuminate\\Pipeline\\Pipeline->Illuminate\\Pipeline\\{closure}(Object(Illuminate\\Http\\Request))
#38 /Users/emilpettersson/Desktop/Code-Quiz/Code-quiz/vendor/laravel/framework/src/Illuminate/Routing/Router.php(697): Illuminate\\Pipeline\\Pipeline->then(Object(Closure))
#39 /Users/emilpettersson/Desktop/Code-Quiz/Code-quiz/vendor/laravel/framework/src/Illuminate/Routing/Router.php(672): Illuminate\\Routing\\Router->runRouteWithinStack(Object(Illuminate\\Routing\\Route), Object(Illuminate\\Http\\Request))
#40 /Users/emilpettersson/Desktop/Code-Quiz/Code-quiz/vendor/laravel/framework/src/Illuminate/Routing/Router.php(636): Illuminate\\Routing\\Router->runRoute(Object(Illuminate\\Http\\Request), Object(Illuminate\\Routing\\Route))
#41 /Users/emilpettersson/Desktop/Code-Quiz/Code-quiz/vendor/laravel/framework/src/Illuminate/Routing/Router.php(625): Illuminate\\Routing\\Router->dispatchToRoute(Object(Illuminate\\Http\\Request))
#42 /Users/emilpettersson/Desktop/Code-Quiz/Code-quiz/vendor/laravel/framework/src/Illuminate/Foundation/Http/Kernel.php(166): Illuminate\\Routing\\Router->dispatch(Object(Illuminate\\Http\\Request))
#43 /Users/emilpettersson/Desktop/Code-Quiz/Code-quiz/vendor/laravel/framework/src/Illuminate/Pipeline/Pipeline.php(128): Illuminate\\Foundation\\Http\\Kernel->Illuminate\\Foundation\\Http\\{closure}(Object(Illuminate\\Http\\Request))
#44 /Users/emilpettersson/Desktop/Code-Quiz/Code-quiz/vendor/laravel/framework/src/Illuminate/Foundation/Http/Middleware/TransformsRequest.php(21): Illuminate\\Pipeline\\Pipeline->Illuminate\\Pipeline\\{closure}(Object(Illuminate\\Http\\Request))
#45 /Users/emilpettersson/Desktop/Code-Quiz/Code-quiz/vendor/laravel/framework/src/Illuminate/Pipeline/Pipeline.php(167): Illuminate\\Foundation\\Http\\Middleware\\TransformsRequest->handle(Object(Illuminate\\Http\\Request), Object(Closure))
#46 /Users/emilpettersson/Desktop/Code-Quiz/Code-quiz/vendor/laravel/framework/src/Illuminate/Foundation/Http/Middleware/TransformsRequest.php(21): Illuminate\\Pipeline\\Pipeline->Illuminate\\Pipeline\\{closure}(Object(Illuminate\\Http\\Request))
#47 /Users/emilpettersson/Desktop/Code-Quiz/Code-quiz/vendor/laravel/framework/src/Illuminate/Pipeline/Pipeline.php(167): Illuminate\\Foundation\\Http\\Middleware\\TransformsRequest->handle(Object(Illuminate\\Http\\Request), Object(Closure))
#48 /Users/emilpettersson/Desktop/Code-Quiz/Code-quiz/vendor/laravel/framework/src/Illuminate/Foundation/Http/Middleware/ValidatePostSize.php(27): Illuminate\\Pipeline\\Pipeline->Illuminate\\Pipeline\\{closure}(Object(Illuminate\\Http\\Request))
#49 /Users/emilpettersson/Desktop/Code-Quiz/Code-quiz/vendor/laravel/framework/src/Illuminate/Pipeline/Pipeline.php(167): Illuminate\\Foundation\\Http\\Middleware\\ValidatePostSize->handle(Object(Illuminate\\Http\\Request), Object(Closure))
#50 /Users/emilpettersson/Desktop/Code-Quiz/Code-quiz/vendor/laravel/framework/src/Illuminate/Foundation/Http/Middleware/PreventRequestsDuringMaintenance.php(86): Illuminate\\Pipeline\\Pipeline->Illuminate\\Pipeline\\{closure}(Object(Illuminate\\Http\\Request))
#51 /Users/emilpettersson/Desktop/Code-Quiz/Code-quiz/vendor/laravel/framework/src/Illuminate/Pipeline/Pipeline.php(167): Illuminate\\Foundation\\Http\\Middleware\\PreventRequestsDuringMaintenance->handle(Object(Illuminate\\Http\\Request), Object(Closure))
#52 /Users/emilpettersson/Desktop/Code-Quiz/Code-quiz/vendor/fruitcake/laravel-cors/src/HandleCors.php(37): Illuminate\\Pipeline\\Pipeline->Illuminate\\Pipeline\\{closure}(Object(Illuminate\\Http\\Request))
#53 /Users/emilpettersson/Desktop/Code-Quiz/Code-quiz/vendor/laravel/framework/src/Illuminate/Pipeline/Pipeline.php(167): Fruitcake\\Cors\\HandleCors->handle(Object(Illuminate\\Http\\Request), Object(Closure))
#54 /Users/emilpettersson/Desktop/Code-Quiz/Code-quiz/vendor/fideloper/proxy/src/TrustProxies.php(57): Illuminate\\Pipeline\\Pipeline->Illuminate\\Pipeline\\{closure}(Object(Illuminate\\Http\\Request))
#55 /Users/emilpettersson/Desktop/Code-Quiz/Code-quiz/vendor/laravel/framework/src/Illuminate/Pipeline/Pipeline.php(167): Fideloper\\Proxy\\TrustProxies->handle(Object(Illuminate\\Http\\Request), Object(Closure))
#56 /Users/emilpettersson/Desktop/Code-Quiz/Code-quiz/vendor/itsgoingd/clockwork/Clockwork/Support/Laravel/ClockworkMiddleware.php(24): Illuminate\\Pipeline\\Pipeline->Illuminate\\Pipeline\\{closure}(Object(Illuminate\\Http\\Request))
#57 /Users/emilpettersson/Desktop/Code-Quiz/Code-quiz/vendor/laravel/framework/src/Illuminate/Pipeline/Pipeline.php(167): Clockwork\\Support\\Laravel\\ClockworkMiddleware->handle(Object(Illuminate\\Http\\Request), Object(Closure))
#58 /Users/emilpettersson/Desktop/Code-Quiz/Code-quiz/vendor/laravel/framework/src/Illuminate/Pipeline/Pipeline.php(103): Illuminate\\Pipeline\\Pipeline->Illuminate\\Pipeline\\{closure}(Object(Illuminate\\Http\\Request))
#59 /Users/emilpettersson/Desktop/Code-Quiz/Code-quiz/vendor/laravel/framework/src/Illuminate/Foundation/Http/Kernel.php(141): Illuminate\\Pipeline\\Pipeline->then(Object(Closure))
#60 /Users/emilpettersson/Desktop/Code-Quiz/Code-quiz/vendor/laravel/framework/src/Illuminate/Foundation/Http/Kernel.php(110): Illuminate\\Foundation\\Http\\Kernel->sendRequestThroughRouter(Object(Illuminate\\Http\\Request))
#61 /Users/emilpettersson/Desktop/Code-Quiz/Code-quiz/public/index.php(52): Illuminate\\Foundation\\Http\\Kernel->handle(Object(Illuminate\\Http\\Request))
#62 /Users/emilpettersson/Desktop/Code-Quiz/Code-quiz/server.php(21): require_once('/Users/emilpett...')
#63 {main}
"} 
